Connecting to database specified by database.yml
  [1m[36m (21.4ms)[0m  [1mSELECT "schema_migrations"."version" FROM "schema_migrations" [0m
Connecting to database specified by database.yml
  [1m[36m (5.6ms)[0m  [1mSELECT "schema_migrations"."version" FROM "schema_migrations" [0m
Migrating to CreateMovies (20111119180638)
  [1m[35m (0.1ms)[0m  select sqlite_version(*)
  [1m[36m (0.3ms)[0m  [1mSELECT "schema_migrations"."version" FROM "schema_migrations" [0m
Connecting to database specified by database.yml
  [1m[36m (5.4ms)[0m  [1mSELECT "schema_migrations"."version" FROM "schema_migrations" [0m
  [1m[35m (0.5ms)[0m  select sqlite_version(*)
  [1m[36m (29.7ms)[0m  [1mCREATE TABLE "movies" ("id" INTEGER PRIMARY KEY AUTOINCREMENT NOT NULL, "title" varchar(255), "rating" varchar(255), "description" text, "release_date" datetime, "created_at" datetime, "updated_at" datetime) [0m
  [1m[35m (14.4ms)[0m  CREATE TABLE "schema_migrations" ("version" varchar(255) NOT NULL) 
  [1m[36m (17.8ms)[0m  [1mCREATE UNIQUE INDEX "unique_schema_migrations" ON "schema_migrations" ("version")[0m
  [1m[35m (0.3ms)[0m  SELECT version FROM "schema_migrations"
  [1m[36m (21.4ms)[0m  [1mINSERT INTO "schema_migrations" (version) VALUES ('20120130161449')[0m
  [1m[35m (17.8ms)[0m  INSERT INTO "schema_migrations" (version) VALUES ('20111119180638')
Connecting to database specified by database.yml
  [1m[36m (5.8ms)[0m  [1mSELECT "schema_migrations"."version" FROM "schema_migrations" [0m
  [1m[35m (0.4ms)[0m  select sqlite_version(*)
  [1m[36m (25.8ms)[0m  [1mCREATE TABLE "movies" ("id" INTEGER PRIMARY KEY AUTOINCREMENT NOT NULL, "title" varchar(255), "rating" varchar(255), "description" text, "release_date" datetime, "created_at" datetime, "updated_at" datetime) [0m
  [1m[35m (17.2ms)[0m  CREATE TABLE "schema_migrations" ("version" varchar(255) NOT NULL) 
  [1m[36m (21.0ms)[0m  [1mCREATE UNIQUE INDEX "unique_schema_migrations" ON "schema_migrations" ("version")[0m
  [1m[35m (0.3ms)[0m  SELECT version FROM "schema_migrations"
  [1m[36m (20.8ms)[0m  [1mINSERT INTO "schema_migrations" (version) VALUES ('20120130161449')[0m
  [1m[35m (21.4ms)[0m  INSERT INTO "schema_migrations" (version) VALUES ('20111119180638')
Connecting to database specified by database.yml
Connecting to database specified by database.yml
  [1m[36m (5.3ms)[0m  [1mSELECT "schema_migrations"."version" FROM "schema_migrations" [0m
Migrating to CreateMovies (20111119180638)
Migrating to AddDirectorToMovie (20140612223619)
  [1m[35m (0.3ms)[0m  select sqlite_version(*)
  [1m[36m (0.1ms)[0m  [1mbegin transaction[0m
  [1m[35m (1.6ms)[0m  ALTER TABLE "movies" ADD "director" varchar(255)
  [1m[36m (0.8ms)[0m  [1mINSERT INTO "schema_migrations" ("version") VALUES ('20140612223619')[0m
  [1m[35m (44.8ms)[0m  commit transaction
  [1m[36m (0.2ms)[0m  [1mSELECT "schema_migrations"."version" FROM "schema_migrations" [0m
Connecting to database specified by database.yml
  [1m[36m (5.8ms)[0m  [1mSELECT "schema_migrations"."version" FROM "schema_migrations" [0m
  [1m[35m (0.3ms)[0m  select sqlite_version(*)
  [1m[36m (33.8ms)[0m  [1mCREATE TABLE "movies" ("id" INTEGER PRIMARY KEY AUTOINCREMENT NOT NULL, "title" varchar(255), "rating" varchar(255), "description" text, "release_date" datetime, "created_at" datetime, "updated_at" datetime, "director" varchar(255)) [0m
  [1m[35m (24.8ms)[0m  CREATE TABLE "schema_migrations" ("version" varchar(255) NOT NULL) 
  [1m[36m (24.9ms)[0m  [1mCREATE UNIQUE INDEX "unique_schema_migrations" ON "schema_migrations" ("version")[0m
  [1m[35m (0.2ms)[0m  SELECT version FROM "schema_migrations"
  [1m[36m (27.2ms)[0m  [1mINSERT INTO "schema_migrations" (version) VALUES ('20140612223619')[0m
  [1m[35m (17.4ms)[0m  INSERT INTO "schema_migrations" (version) VALUES ('20111119180638')


Started GET "/movies" for 127.0.0.1 at 2014-06-12 20:08:47 -0300
Connecting to database specified by database.yml
Processing by MoviesController#index as HTML
  [1m[36mMovie Load (1.2ms)[0m  [1mSELECT "movies".* FROM "movies" WHERE "movies"."rating" IN ('G', 'PG', 'PG-13', 'NC-17', 'R')[0m
  Rendered movies/index.html.haml within layouts/application (195.8ms)
Compiled application.css  (0ms)  (pid 2954)
Compiled jquery.js  (6ms)  (pid 2954)
Compiled jquery_ujs.js  (6ms)  (pid 2954)
Compiled application.js  (215ms)  (pid 2954)
Completed 200 OK in 1248.4ms (Views: 881.0ms | ActiveRecord: 17.6ms)


Started GET "/assets/application.css?body=1" for 127.0.0.1 at 2014-06-12 20:08:51 -0300
Served asset /application.css - 200 OK (14ms)


Started GET "/assets/jquery_ujs.js?body=1" for 127.0.0.1 at 2014-06-12 20:08:51 -0300
Served asset /jquery_ujs.js - 200 OK (22ms)


Started GET "/assets/jquery.js?body=1" for 127.0.0.1 at 2014-06-12 20:08:51 -0300
Served asset /jquery.js - 200 OK (90ms)


Started GET "/assets/application.js?body=1" for 127.0.0.1 at 2014-06-12 20:08:51 -0300
Served asset /application.js - 200 OK (71ms)


Started GET "/movies/new" for 127.0.0.1 at 2014-06-12 20:09:02 -0300
Processing by MoviesController#new as HTML
  Rendered movies/new.html.haml within layouts/application (152.3ms)
Completed 200 OK in 183.5ms (Views: 182.8ms | ActiveRecord: 0.0ms)


Started GET "/assets/application.css?body=1" for 127.0.0.1 at 2014-06-12 20:09:02 -0300
Served asset /application.css - 304 Not Modified (0ms)


Started GET "/assets/jquery.js?body=1" for 127.0.0.1 at 2014-06-12 20:09:02 -0300
Served asset /jquery.js - 304 Not Modified (11ms)


Started GET "/assets/jquery_ujs.js?body=1" for 127.0.0.1 at 2014-06-12 20:09:02 -0300
Served asset /jquery_ujs.js - 304 Not Modified (0ms)


Started GET "/assets/application.js?body=1" for 127.0.0.1 at 2014-06-12 20:09:02 -0300
Served asset /application.js - 304 Not Modified (15ms)


Started GET "/movies" for 127.0.0.1 at 2014-06-12 20:11:01 -0300
Processing by MoviesController#index as HTML
  [1m[35mMovie Load (0.9ms)[0m  SELECT "movies".* FROM "movies" WHERE "movies"."rating" IN ('G', 'PG', 'PG-13', 'NC-17', 'R')
  Rendered movies/index.html.haml within layouts/application (25.7ms)
Completed 200 OK in 52.8ms (Views: 38.1ms | ActiveRecord: 0.9ms)


Started GET "/assets/application.css?body=1" for 127.0.0.1 at 2014-06-12 20:11:01 -0300
Served asset /application.css - 304 Not Modified (4ms)


Started GET "/assets/jquery_ujs.js?body=1" for 127.0.0.1 at 2014-06-12 20:11:01 -0300
Served asset /jquery_ujs.js - 304 Not Modified (0ms)


Started GET "/assets/application.js?body=1" for 127.0.0.1 at 2014-06-12 20:11:01 -0300
Served asset /application.js - 304 Not Modified (20ms)


Started GET "/assets/jquery.js?body=1" for 127.0.0.1 at 2014-06-12 20:11:01 -0300
Served asset /jquery.js - 304 Not Modified (14ms)


Started GET "/movies/1" for 127.0.0.1 at 2014-06-12 20:11:04 -0300
Processing by MoviesController#show as HTML
  Parameters: {"id"=>"1"}
  [1m[36mMovie Load (0.5ms)[0m  [1mSELECT "movies".* FROM "movies" WHERE "movies"."id" = ? LIMIT 1[0m  [["id", "1"]]
  Rendered movies/show.html.haml within layouts/application (7.1ms)
Completed 200 OK in 31.9ms (Views: 28.9ms | ActiveRecord: 0.5ms)


Started GET "/assets/application.css?body=1" for 127.0.0.1 at 2014-06-12 20:11:04 -0300
Served asset /application.css - 304 Not Modified (0ms)


Started GET "/assets/jquery_ujs.js?body=1" for 127.0.0.1 at 2014-06-12 20:11:04 -0300
Served asset /jquery_ujs.js - 304 Not Modified (6ms)


Started GET "/assets/application.js?body=1" for 127.0.0.1 at 2014-06-12 20:11:04 -0300
Served asset /application.js - 304 Not Modified (21ms)


Started GET "/assets/jquery.js?body=1" for 127.0.0.1 at 2014-06-12 20:11:05 -0300
Served asset /jquery.js - 304 Not Modified (28ms)


Started GET "/movies/1/same_director" for 127.0.0.1 at 2014-06-12 20:11:11 -0300
Processing by MoviesController#same_director as HTML
  Parameters: {"id"=>"1"}
  [1m[35mMovie Load (0.2ms)[0m  SELECT "movies".* FROM "movies" WHERE "movies"."id" = ? LIMIT 1  [["id", "1"]]
Redirected to http://localhost:3000/movies
Completed 302 Found in 9.1ms (ActiveRecord: 0.2ms)


Started GET "/movies" for 127.0.0.1 at 2014-06-12 20:11:11 -0300
Processing by MoviesController#index as HTML
  [1m[36mMovie Load (0.6ms)[0m  [1mSELECT "movies".* FROM "movies" WHERE "movies"."rating" IN ('G', 'PG', 'PG-13', 'NC-17', 'R')[0m
  Rendered movies/index.html.haml within layouts/application (36.1ms)
Completed 200 OK in 68.0ms (Views: 64.6ms | ActiveRecord: 0.6ms)


Started GET "/assets/application.css?body=1" for 127.0.0.1 at 2014-06-12 20:11:11 -0300
Served asset /application.css - 304 Not Modified (0ms)


Started GET "/assets/jquery_ujs.js?body=1" for 127.0.0.1 at 2014-06-12 20:11:11 -0300
Served asset /jquery_ujs.js - 304 Not Modified (0ms)


Started GET "/assets/application.js?body=1" for 127.0.0.1 at 2014-06-12 20:11:11 -0300
Served asset /application.js - 304 Not Modified (20ms)


Started GET "/assets/jquery.js?body=1" for 127.0.0.1 at 2014-06-12 20:11:11 -0300
Served asset /jquery.js - 304 Not Modified (24ms)


Started GET "/movies/3" for 127.0.0.1 at 2014-06-12 20:11:14 -0300
Processing by MoviesController#show as HTML
  Parameters: {"id"=>"3"}
  [1m[35mMovie Load (0.3ms)[0m  SELECT "movies".* FROM "movies" WHERE "movies"."id" = ? LIMIT 1  [["id", "3"]]
  Rendered movies/show.html.haml within layouts/application (2.4ms)
Completed 200 OK in 12.6ms (Views: 9.0ms | ActiveRecord: 0.3ms)


Started GET "/assets/application.css?body=1" for 127.0.0.1 at 2014-06-12 20:11:14 -0300
Served asset /application.css - 304 Not Modified (0ms)


Started GET "/assets/jquery_ujs.js?body=1" for 127.0.0.1 at 2014-06-12 20:11:15 -0300
Served asset /jquery_ujs.js - 304 Not Modified (0ms)


Started GET "/assets/application.js?body=1" for 127.0.0.1 at 2014-06-12 20:11:15 -0300
Served asset /application.js - 304 Not Modified (29ms)


Started GET "/assets/jquery.js?body=1" for 127.0.0.1 at 2014-06-12 20:11:15 -0300
Served asset /jquery.js - 304 Not Modified (20ms)


Started GET "/movies/3/edit" for 127.0.0.1 at 2014-06-12 20:11:17 -0300
Processing by MoviesController#edit as HTML
  Parameters: {"id"=>"3"}
  [1m[36mMovie Load (0.2ms)[0m  [1mSELECT "movies".* FROM "movies" WHERE "movies"."id" = ? LIMIT 1[0m  [["id", "3"]]
  Rendered movies/edit.html.haml within layouts/application (119.3ms)
Completed 500 Internal Server Error in 133.3ms

ActionView::Template::Error (Inconsistent indentation: 1 tab used for indentation, but the rest of the document was indented using 2 spaces.):
    13:   = label :movie, :release_date, 'Released On'
    14:   = date_select :movie, :release_date
    15: 
    16: 	= label :movie, :director, 'Director'
    17:   = text_field :movie, 'director'
    18: 
    19:   = submit_tag 'Update Movie Info'
  app/views/movies/edit.html.haml:16


  Rendered /home/saasbook/.rvm/gems/ruby-1.9.3-p448/gems/actionpack-3.2.18/lib/action_dispatch/middleware/templates/rescues/_trace.erb (5.8ms)
  Rendered /home/saasbook/.rvm/gems/ruby-1.9.3-p448/gems/actionpack-3.2.18/lib/action_dispatch/middleware/templates/rescues/_request_and_response.erb (1.5ms)
  Rendered /home/saasbook/.rvm/gems/ruby-1.9.3-p448/gems/actionpack-3.2.18/lib/action_dispatch/middleware/templates/rescues/template_error.erb within rescues/layout (41.8ms)


Started GET "/movies/3/edit" for 127.0.0.1 at 2014-06-12 20:12:06 -0300
Processing by MoviesController#edit as HTML
  Parameters: {"id"=>"3"}
  [1m[35mMovie Load (0.2ms)[0m  SELECT "movies".* FROM "movies" WHERE "movies"."id" = ? LIMIT 1  [["id", "3"]]
  Rendered movies/edit.html.haml within layouts/application (6.2ms)
Completed 500 Internal Server Error in 20.4ms

ActionView::Template::Error (Inconsistent indentation: 1 tab used for indentation, but the rest of the document was indented using 2 spaces.):
    13:   = label :movie, :release_date, 'Released On'
    14:   = date_select :movie, :release_date
    15: 
    16: 	= label :movie, :director, 'Director'
    17:   = text_field :movie, 'director'
    18: 
    19:   = submit_tag 'Update Movie Info'
  app/views/movies/edit.html.haml:16


  Rendered /home/saasbook/.rvm/gems/ruby-1.9.3-p448/gems/actionpack-3.2.18/lib/action_dispatch/middleware/templates/rescues/_trace.erb (2.3ms)
  Rendered /home/saasbook/.rvm/gems/ruby-1.9.3-p448/gems/actionpack-3.2.18/lib/action_dispatch/middleware/templates/rescues/_request_and_response.erb (4.5ms)
  Rendered /home/saasbook/.rvm/gems/ruby-1.9.3-p448/gems/actionpack-3.2.18/lib/action_dispatch/middleware/templates/rescues/template_error.erb within rescues/layout (32.3ms)


Started GET "/movies/3/edit" for 127.0.0.1 at 2014-06-12 20:13:18 -0300
Processing by MoviesController#edit as HTML
  Parameters: {"id"=>"3"}
  [1m[36mMovie Load (0.3ms)[0m  [1mSELECT "movies".* FROM "movies" WHERE "movies"."id" = ? LIMIT 1[0m  [["id", "3"]]
  Rendered movies/edit.html.haml within layouts/application (1.3ms)
Completed 500 Internal Server Error in 19.9ms

ActionView::Template::Error (Inconsistent indentation: 1 tab used for indentation, but the rest of the document was indented using 2 spaces.):
    13:   = label :movie, :release_date, 'Released On'
    14:   = date_select :movie, :release_date
    15: 
    16: 	= label :movie, :director, 'Director'
    17:   = text_field :movie, 'director'
    18: 
    19:   %br
  app/views/movies/edit.html.haml:16


  Rendered /home/saasbook/.rvm/gems/ruby-1.9.3-p448/gems/actionpack-3.2.18/lib/action_dispatch/middleware/templates/rescues/_trace.erb (12.9ms)
  Rendered /home/saasbook/.rvm/gems/ruby-1.9.3-p448/gems/actionpack-3.2.18/lib/action_dispatch/middleware/templates/rescues/_request_and_response.erb (6.9ms)
  Rendered /home/saasbook/.rvm/gems/ruby-1.9.3-p448/gems/actionpack-3.2.18/lib/action_dispatch/middleware/templates/rescues/template_error.erb within rescues/layout (52.8ms)


Started GET "/movies/3/edit" for 127.0.0.1 at 2014-06-12 20:14:01 -0300
Processing by MoviesController#edit as HTML
  Parameters: {"id"=>"3"}
  [1m[35mMovie Load (0.2ms)[0m  SELECT "movies".* FROM "movies" WHERE "movies"."id" = ? LIMIT 1  [["id", "3"]]
  Rendered movies/edit.html.haml within layouts/application (54.9ms)
Completed 200 OK in 91.1ms (Views: 85.1ms | ActiveRecord: 0.2ms)


Started GET "/assets/application.css?body=1" for 127.0.0.1 at 2014-06-12 20:14:01 -0300
Served asset /application.css - 304 Not Modified (0ms)


Started GET "/assets/jquery_ujs.js?body=1" for 127.0.0.1 at 2014-06-12 20:14:01 -0300
Served asset /jquery_ujs.js - 304 Not Modified (0ms)


Started GET "/assets/application.js?body=1" for 127.0.0.1 at 2014-06-12 20:14:01 -0300
Served asset /application.js - 304 Not Modified (27ms)


Started GET "/assets/jquery.js?body=1" for 127.0.0.1 at 2014-06-12 20:14:01 -0300
Served asset /jquery.js - 304 Not Modified (14ms)


Started PUT "/movies/3" for 127.0.0.1 at 2014-06-12 20:14:34 -0300
Processing by MoviesController#update as HTML
  Parameters: {"utf8"=>"✓", "authenticity_token"=>"UoPiqe1GI6P3LfXB4hFiZL16hyNVXMyg2AdwgVZEPx8=", "movie"=>{"title"=>"When Harry Met Sally", "rating"=>"R", "release_date(1i)"=>"1989", "release_date(2i)"=>"7", "release_date(3i)"=>"21", "director"=>"koko"}, "commit"=>"Update Movie Info", "id"=>"3"}
  [1m[36mMovie Load (0.5ms)[0m  [1mSELECT "movies".* FROM "movies" WHERE "movies"."id" = ? LIMIT 1[0m  [["id", "3"]]
  [1m[35m (0.1ms)[0m  begin transaction
  [1m[36m (6.7ms)[0m  [1mUPDATE "movies" SET "director" = 'koko', "updated_at" = '2014-06-12 23:14:34.943214' WHERE "movies"."id" = 3[0m
  [1m[35m (27.4ms)[0m  commit transaction
Redirected to http://localhost:3000/movies/3
Completed 302 Found in 72.6ms (ActiveRecord: 34.7ms)


Started GET "/movies/3" for 127.0.0.1 at 2014-06-12 20:14:35 -0300
Processing by MoviesController#show as HTML
  Parameters: {"id"=>"3"}
  [1m[36mMovie Load (0.3ms)[0m  [1mSELECT "movies".* FROM "movies" WHERE "movies"."id" = ? LIMIT 1[0m  [["id", "3"]]
  Rendered movies/show.html.haml within layouts/application (6.5ms)
Completed 200 OK in 36.1ms (Views: 29.7ms | ActiveRecord: 0.3ms)


Started GET "/assets/application.css?body=1" for 127.0.0.1 at 2014-06-12 20:14:35 -0300
Served asset /application.css - 304 Not Modified (0ms)


Started GET "/assets/application.js?body=1" for 127.0.0.1 at 2014-06-12 20:14:35 -0300
Served asset /application.js - 304 Not Modified (4ms)


Started GET "/assets/jquery_ujs.js?body=1" for 127.0.0.1 at 2014-06-12 20:14:35 -0300
Served asset /jquery_ujs.js - 304 Not Modified (0ms)


Started GET "/assets/jquery.js?body=1" for 127.0.0.1 at 2014-06-12 20:14:35 -0300
Served asset /jquery.js - 304 Not Modified (14ms)


Started GET "/movies" for 127.0.0.1 at 2014-06-12 20:14:41 -0300
Processing by MoviesController#index as HTML
  [1m[35mMovie Load (0.6ms)[0m  SELECT "movies".* FROM "movies" WHERE "movies"."rating" IN ('G', 'PG', 'PG-13', 'NC-17', 'R')
  Rendered movies/index.html.haml within layouts/application (35.5ms)
Completed 200 OK in 53.7ms (Views: 42.7ms | ActiveRecord: 0.6ms)


Started GET "/assets/application.css?body=1" for 127.0.0.1 at 2014-06-12 20:14:41 -0300
Served asset /application.css - 304 Not Modified (0ms)


Started GET "/assets/jquery_ujs.js?body=1" for 127.0.0.1 at 2014-06-12 20:14:41 -0300
Served asset /jquery_ujs.js - 304 Not Modified (18ms)


Started GET "/assets/jquery.js?body=1" for 127.0.0.1 at 2014-06-12 20:14:41 -0300
Served asset /jquery.js - 304 Not Modified (20ms)


Started GET "/assets/application.js?body=1" for 127.0.0.1 at 2014-06-12 20:14:41 -0300
Served asset /application.js - 304 Not Modified (23ms)


Started GET "/movies/3" for 127.0.0.1 at 2014-06-12 20:14:45 -0300
Processing by MoviesController#show as HTML
  Parameters: {"id"=>"3"}
  [1m[36mMovie Load (0.2ms)[0m  [1mSELECT "movies".* FROM "movies" WHERE "movies"."id" = ? LIMIT 1[0m  [["id", "3"]]
  Rendered movies/show.html.haml within layouts/application (2.3ms)
Completed 200 OK in 26.7ms (Views: 25.1ms | ActiveRecord: 0.2ms)


Started GET "/assets/application.css?body=1" for 127.0.0.1 at 2014-06-12 20:14:45 -0300
Served asset /application.css - 304 Not Modified (0ms)


Started GET "/assets/jquery.js?body=1" for 127.0.0.1 at 2014-06-12 20:14:45 -0300
Served asset /jquery.js - 304 Not Modified (30ms)


Started GET "/assets/jquery_ujs.js?body=1" for 127.0.0.1 at 2014-06-12 20:14:45 -0300
Served asset /jquery_ujs.js - 304 Not Modified (0ms)


Started GET "/assets/application.js?body=1" for 127.0.0.1 at 2014-06-12 20:14:45 -0300
Served asset /application.js - 304 Not Modified (19ms)


Started GET "/movies/3/same_director" for 127.0.0.1 at 2014-06-12 20:14:47 -0300
Processing by MoviesController#same_director as HTML
  Parameters: {"id"=>"3"}
  [1m[35mMovie Load (0.3ms)[0m  SELECT "movies".* FROM "movies" WHERE "movies"."id" = ? LIMIT 1  [["id", "3"]]
  [1m[36mMovie Load (0.4ms)[0m  [1mSELECT "movies".* FROM "movies" WHERE "movies"."director" = 'koko'[0m
  Rendered movies/same_director.html.haml within layouts/application (3.4ms)
Completed 200 OK in 62.1ms (Views: 20.4ms | ActiveRecord: 0.6ms)


Started GET "/assets/application.css?body=1" for 127.0.0.1 at 2014-06-12 20:14:47 -0300
Served asset /application.css - 304 Not Modified (0ms)


Started GET "/assets/jquery.js?body=1" for 127.0.0.1 at 2014-06-12 20:14:47 -0300
Served asset /jquery.js - 304 Not Modified (24ms)


Started GET "/assets/application.js?body=1" for 127.0.0.1 at 2014-06-12 20:14:47 -0300
Served asset /application.js - 304 Not Modified (31ms)


Started GET "/assets/jquery_ujs.js?body=1" for 127.0.0.1 at 2014-06-12 20:14:47 -0300
Served asset /jquery_ujs.js - 304 Not Modified (12ms)


Started GET "/movies" for 127.0.0.1 at 2014-06-12 20:14:58 -0300
Processing by MoviesController#index as HTML
  [1m[35mMovie Load (0.6ms)[0m  SELECT "movies".* FROM "movies" WHERE "movies"."rating" IN ('G', 'PG', 'PG-13', 'NC-17', 'R')
  Rendered movies/index.html.haml within layouts/application (26.9ms)
Completed 200 OK in 52.6ms (Views: 49.1ms | ActiveRecord: 0.6ms)


Started GET "/assets/application.css?body=1" for 127.0.0.1 at 2014-06-12 20:14:58 -0300
Served asset /application.css - 304 Not Modified (0ms)


Started GET "/assets/jquery_ujs.js?body=1" for 127.0.0.1 at 2014-06-12 20:14:58 -0300
Served asset /jquery_ujs.js - 304 Not Modified (33ms)


Started GET "/assets/jquery.js?body=1" for 127.0.0.1 at 2014-06-12 20:14:58 -0300
Served asset /jquery.js - 304 Not Modified (16ms)


Started GET "/assets/application.js?body=1" for 127.0.0.1 at 2014-06-12 20:14:58 -0300
Served asset /application.js - 304 Not Modified (11ms)


Started GET "/movies/6" for 127.0.0.1 at 2014-06-12 20:15:05 -0300
Processing by MoviesController#show as HTML
  Parameters: {"id"=>"6"}
  [1m[36mMovie Load (0.3ms)[0m  [1mSELECT "movies".* FROM "movies" WHERE "movies"."id" = ? LIMIT 1[0m  [["id", "6"]]
  Rendered movies/show.html.haml within layouts/application (2.1ms)
Completed 200 OK in 24.3ms (Views: 22.7ms | ActiveRecord: 0.3ms)


Started GET "/assets/application.css?body=1" for 127.0.0.1 at 2014-06-12 20:15:05 -0300
Served asset /application.css - 304 Not Modified (0ms)


Started GET "/assets/jquery.js?body=1" for 127.0.0.1 at 2014-06-12 20:15:05 -0300
Served asset /jquery.js - 304 Not Modified (26ms)


Started GET "/assets/jquery_ujs.js?body=1" for 127.0.0.1 at 2014-06-12 20:15:05 -0300
Served asset /jquery_ujs.js - 304 Not Modified (0ms)


Started GET "/assets/application.js?body=1" for 127.0.0.1 at 2014-06-12 20:15:05 -0300
Served asset /application.js - 304 Not Modified (29ms)


Started GET "/movies/6/same_director" for 127.0.0.1 at 2014-06-12 20:15:10 -0300
Processing by MoviesController#same_director as HTML
  Parameters: {"id"=>"6"}
  [1m[35mMovie Load (0.2ms)[0m  SELECT "movies".* FROM "movies" WHERE "movies"."id" = ? LIMIT 1  [["id", "6"]]
Redirected to http://localhost:3000/movies
Completed 302 Found in 8.2ms (ActiveRecord: 0.2ms)


Started GET "/movies" for 127.0.0.1 at 2014-06-12 20:15:10 -0300
Processing by MoviesController#index as HTML
  [1m[36mMovie Load (2.7ms)[0m  [1mSELECT "movies".* FROM "movies" WHERE "movies"."rating" IN ('G', 'PG', 'PG-13', 'NC-17', 'R')[0m
  Rendered movies/index.html.haml within layouts/application (43.9ms)
Completed 200 OK in 65.0ms (Views: 59.9ms | ActiveRecord: 2.7ms)


Started GET "/assets/application.css?body=1" for 127.0.0.1 at 2014-06-12 20:15:10 -0300
Served asset /application.css - 304 Not Modified (0ms)


Started GET "/assets/jquery.js?body=1" for 127.0.0.1 at 2014-06-12 20:15:10 -0300
Served asset /jquery.js - 304 Not Modified (18ms)


Started GET "/assets/jquery_ujs.js?body=1" for 127.0.0.1 at 2014-06-12 20:15:10 -0300
Served asset /jquery_ujs.js - 304 Not Modified (15ms)


Started GET "/assets/application.js?body=1" for 127.0.0.1 at 2014-06-12 20:15:10 -0300
Served asset /application.js - 304 Not Modified (30ms)


Started GET "/movies/7" for 127.0.0.1 at 2014-06-12 20:15:16 -0300
Processing by MoviesController#show as HTML
  Parameters: {"id"=>"7"}
  [1m[35mMovie Load (0.2ms)[0m  SELECT "movies".* FROM "movies" WHERE "movies"."id" = ? LIMIT 1  [["id", "7"]]
  Rendered movies/show.html.haml within layouts/application (6.5ms)
Completed 200 OK in 26.3ms (Views: 20.5ms | ActiveRecord: 0.2ms)


Started GET "/assets/application.css?body=1" for 127.0.0.1 at 2014-06-12 20:15:16 -0300
Served asset /application.css - 304 Not Modified (0ms)


Started GET "/assets/jquery_ujs.js?body=1" for 127.0.0.1 at 2014-06-12 20:15:16 -0300
Served asset /jquery_ujs.js - 304 Not Modified (25ms)


Started GET "/assets/jquery.js?body=1" for 127.0.0.1 at 2014-06-12 20:15:16 -0300
Served asset /jquery.js - 304 Not Modified (28ms)


Started GET "/assets/application.js?body=1" for 127.0.0.1 at 2014-06-12 20:15:16 -0300
Served asset /application.js - 304 Not Modified (24ms)


Started GET "/movies/7/edit" for 127.0.0.1 at 2014-06-12 20:15:20 -0300
Processing by MoviesController#edit as HTML
  Parameters: {"id"=>"7"}
  [1m[36mMovie Load (0.2ms)[0m  [1mSELECT "movies".* FROM "movies" WHERE "movies"."id" = ? LIMIT 1[0m  [["id", "7"]]
  Rendered movies/edit.html.haml within layouts/application (11.7ms)
Completed 200 OK in 29.5ms (Views: 22.7ms | ActiveRecord: 0.2ms)


Started GET "/assets/application.css?body=1" for 127.0.0.1 at 2014-06-12 20:15:21 -0300
Served asset /application.css - 304 Not Modified (0ms)


Started GET "/assets/jquery_ujs.js?body=1" for 127.0.0.1 at 2014-06-12 20:15:21 -0300
Served asset /jquery_ujs.js - 304 Not Modified (0ms)


Started GET "/assets/jquery.js?body=1" for 127.0.0.1 at 2014-06-12 20:15:21 -0300
Served asset /jquery.js - 304 Not Modified (19ms)


Started GET "/assets/application.js?body=1" for 127.0.0.1 at 2014-06-12 20:15:21 -0300
Served asset /application.js - 304 Not Modified (28ms)


Started PUT "/movies/7" for 127.0.0.1 at 2014-06-12 20:15:26 -0300
Processing by MoviesController#update as HTML
  Parameters: {"utf8"=>"✓", "authenticity_token"=>"UoPiqe1GI6P3LfXB4hFiZL16hyNVXMyg2AdwgVZEPx8=", "movie"=>{"title"=>"2001: A Space Odyssey", "rating"=>"G", "release_date(1i)"=>"1968", "release_date(2i)"=>"4", "release_date(3i)"=>"6", "director"=>"koko"}, "commit"=>"Update Movie Info", "id"=>"7"}
  [1m[35mMovie Load (0.2ms)[0m  SELECT "movies".* FROM "movies" WHERE "movies"."id" = ? LIMIT 1  [["id", "7"]]
  [1m[36m (0.3ms)[0m  [1mbegin transaction[0m
  [1m[35m (0.6ms)[0m  UPDATE "movies" SET "director" = 'koko', "updated_at" = '2014-06-12 23:15:26.731013' WHERE "movies"."id" = 7
  [1m[36m (32.5ms)[0m  [1mcommit transaction[0m
Redirected to http://localhost:3000/movies/7
Completed 302 Found in 38.6ms (ActiveRecord: 33.6ms)


Started GET "/movies/7" for 127.0.0.1 at 2014-06-12 20:15:26 -0300
Processing by MoviesController#show as HTML
  Parameters: {"id"=>"7"}
  [1m[35mMovie Load (0.4ms)[0m  SELECT "movies".* FROM "movies" WHERE "movies"."id" = ? LIMIT 1  [["id", "7"]]
  Rendered movies/show.html.haml within layouts/application (2.8ms)
Completed 200 OK in 14.6ms (Views: 9.9ms | ActiveRecord: 0.4ms)


Started GET "/assets/application.css?body=1" for 127.0.0.1 at 2014-06-12 20:15:27 -0300
Served asset /application.css - 304 Not Modified (0ms)


Started GET "/assets/jquery_ujs.js?body=1" for 127.0.0.1 at 2014-06-12 20:15:27 -0300
Served asset /jquery_ujs.js - 304 Not Modified (0ms)


Started GET "/assets/jquery.js?body=1" for 127.0.0.1 at 2014-06-12 20:15:27 -0300
Served asset /jquery.js - 304 Not Modified (34ms)


Started GET "/assets/application.js?body=1" for 127.0.0.1 at 2014-06-12 20:15:27 -0300
Served asset /application.js - 304 Not Modified (16ms)


Started GET "/movies/7/same_director" for 127.0.0.1 at 2014-06-12 20:15:29 -0300
Processing by MoviesController#same_director as HTML
  Parameters: {"id"=>"7"}
  [1m[36mMovie Load (0.7ms)[0m  [1mSELECT "movies".* FROM "movies" WHERE "movies"."id" = ? LIMIT 1[0m  [["id", "7"]]
  [1m[35mMovie Load (0.3ms)[0m  SELECT "movies".* FROM "movies" WHERE "movies"."director" = 'koko'
  Rendered movies/same_director.html.haml within layouts/application (2.5ms)
Completed 200 OK in 27.2ms (Views: 16.4ms | ActiveRecord: 1.0ms)


Started GET "/assets/application.css?body=1" for 127.0.0.1 at 2014-06-12 20:15:30 -0300
Served asset /application.css - 304 Not Modified (0ms)


Started GET "/assets/jquery.js?body=1" for 127.0.0.1 at 2014-06-12 20:15:30 -0300
Served asset /jquery.js - 304 Not Modified (33ms)


Started GET "/assets/jquery_ujs.js?body=1" for 127.0.0.1 at 2014-06-12 20:15:30 -0300
Served asset /jquery_ujs.js - 304 Not Modified (12ms)


Started GET "/assets/application.js?body=1" for 127.0.0.1 at 2014-06-12 20:15:30 -0300
Served asset /application.js - 304 Not Modified (34ms)
Connecting to database specified by database.yml
  [1m[36m (5.8ms)[0m  [1mSELECT "schema_migrations"."version" FROM "schema_migrations" [0m
  [1m[35m (0.4ms)[0m  select sqlite_version(*)
  [1m[36m (25.5ms)[0m  [1mCREATE TABLE "movies" ("id" INTEGER PRIMARY KEY AUTOINCREMENT NOT NULL, "title" varchar(255), "rating" varchar(255), "description" text, "release_date" datetime, "created_at" datetime, "updated_at" datetime, "director" varchar(255)) [0m
  [1m[35m (16.5ms)[0m  CREATE TABLE "schema_migrations" ("version" varchar(255) NOT NULL) 
  [1m[36m (20.0ms)[0m  [1mCREATE UNIQUE INDEX "unique_schema_migrations" ON "schema_migrations" ("version")[0m
  [1m[35m (0.2ms)[0m  SELECT version FROM "schema_migrations"
  [1m[36m (17.4ms)[0m  [1mINSERT INTO "schema_migrations" (version) VALUES ('20140612223619')[0m
  [1m[35m (20.2ms)[0m  INSERT INTO "schema_migrations" (version) VALUES ('20111119180638')
Connecting to database specified by database.yml
  [1m[36m (7.5ms)[0m  [1mSELECT "schema_migrations"."version" FROM "schema_migrations" [0m
  [1m[35m (0.4ms)[0m  select sqlite_version(*)
  [1m[36m (44.0ms)[0m  [1mCREATE TABLE "movies" ("id" INTEGER PRIMARY KEY AUTOINCREMENT NOT NULL, "title" varchar(255), "rating" varchar(255), "description" text, "release_date" datetime, "created_at" datetime, "updated_at" datetime, "director" varchar(255)) [0m
  [1m[35m (20.1ms)[0m  CREATE TABLE "schema_migrations" ("version" varchar(255) NOT NULL) 
  [1m[36m (16.1ms)[0m  [1mCREATE UNIQUE INDEX "unique_schema_migrations" ON "schema_migrations" ("version")[0m
  [1m[35m (0.2ms)[0m  SELECT version FROM "schema_migrations"
  [1m[36m (13.5ms)[0m  [1mINSERT INTO "schema_migrations" (version) VALUES ('20140612223619')[0m
  [1m[35m (19.3ms)[0m  INSERT INTO "schema_migrations" (version) VALUES ('20111119180638')
Connecting to database specified by database.yml
  [1m[36m (6.0ms)[0m  [1mSELECT "schema_migrations"."version" FROM "schema_migrations" [0m
  [1m[35m (0.3ms)[0m  select sqlite_version(*)
  [1m[36m (48.3ms)[0m  [1mCREATE TABLE "movies" ("id" INTEGER PRIMARY KEY AUTOINCREMENT NOT NULL, "title" varchar(255), "rating" varchar(255), "description" text, "release_date" datetime, "created_at" datetime, "updated_at" datetime, "director" varchar(255)) [0m
  [1m[35m (19.5ms)[0m  CREATE TABLE "schema_migrations" ("version" varchar(255) NOT NULL) 
  [1m[36m (20.1ms)[0m  [1mCREATE UNIQUE INDEX "unique_schema_migrations" ON "schema_migrations" ("version")[0m
  [1m[35m (0.3ms)[0m  SELECT version FROM "schema_migrations"
  [1m[36m (17.2ms)[0m  [1mINSERT INTO "schema_migrations" (version) VALUES ('20140612223619')[0m
  [1m[35m (17.6ms)[0m  INSERT INTO "schema_migrations" (version) VALUES ('20111119180638')


Started GET "/movies" for 127.0.0.1 at 2014-06-15 15:45:28 -0300
Connecting to database specified by database.yml
Processing by MoviesController#index as HTML
  [1m[36mMovie Load (9.8ms)[0m  [1mSELECT "movies".* FROM "movies" WHERE "movies"."rating" IN ('G', 'PG', 'PG-13', 'NC-17', 'R')[0m
  Rendered movies/index.html.haml within layouts/application (95.7ms)
Completed 200 OK in 1079.3ms (Views: 526.6ms | ActiveRecord: 43.2ms)


Started GET "/assets/application.css?body=1" for 127.0.0.1 at 2014-06-15 15:45:33 -0300
Served asset /application.css - 200 OK (13ms)


Started GET "/assets/jquery.js?body=1" for 127.0.0.1 at 2014-06-15 15:45:33 -0300
Served asset /jquery.js - 200 OK (66ms)


Started GET "/assets/application.js?body=1" for 127.0.0.1 at 2014-06-15 15:45:34 -0300
Served asset /application.js - 200 OK (101ms)


Started GET "/assets/jquery_ujs.js?body=1" for 127.0.0.1 at 2014-06-15 15:45:34 -0300
Served asset /jquery_ujs.js - 200 OK (14ms)


Started GET "/movies/4" for 127.0.0.1 at 2014-06-15 15:45:42 -0300
Processing by MoviesController#show as HTML
  Parameters: {"id"=>"4"}
  [1m[35mMovie Load (0.7ms)[0m  SELECT "movies".* FROM "movies" WHERE "movies"."id" = ? LIMIT 1  [["id", "4"]]
  Rendered movies/show.html.haml within layouts/application (12.9ms)
Completed 200 OK in 41.7ms (Views: 31.2ms | ActiveRecord: 0.7ms)


Started GET "/assets/application.css?body=1" for 127.0.0.1 at 2014-06-15 15:45:42 -0300
Served asset /application.css - 304 Not Modified (0ms)


Started GET "/assets/jquery.js?body=1" for 127.0.0.1 at 2014-06-15 15:45:42 -0300
Served asset /jquery.js - 304 Not Modified (1ms)


Started GET "/assets/jquery_ujs.js?body=1" for 127.0.0.1 at 2014-06-15 15:45:42 -0300
Served asset /jquery_ujs.js - 304 Not Modified (0ms)


Started GET "/assets/application.js?body=1" for 127.0.0.1 at 2014-06-15 15:45:43 -0300
Served asset /application.js - 304 Not Modified (19ms)


Started GET "/movies/4/edit" for 127.0.0.1 at 2014-06-15 15:45:47 -0300
Processing by MoviesController#edit as HTML
  Parameters: {"id"=>"4"}
  [1m[36mMovie Load (0.2ms)[0m  [1mSELECT "movies".* FROM "movies" WHERE "movies"."id" = ? LIMIT 1[0m  [["id", "4"]]
  Rendered movies/edit.html.haml within layouts/application (80.4ms)
Completed 200 OK in 117.6ms (Views: 115.3ms | ActiveRecord: 0.2ms)


Started GET "/assets/application.css?body=1" for 127.0.0.1 at 2014-06-15 15:45:47 -0300
Served asset /application.css - 304 Not Modified (0ms)


Started GET "/assets/jquery.js?body=1" for 127.0.0.1 at 2014-06-15 15:45:47 -0300
Served asset /jquery.js - 304 Not Modified (37ms)


Started GET "/assets/jquery_ujs.js?body=1" for 127.0.0.1 at 2014-06-15 15:45:47 -0300
Served asset /jquery_ujs.js - 304 Not Modified (0ms)


Started GET "/assets/application.js?body=1" for 127.0.0.1 at 2014-06-15 15:45:47 -0300
Served asset /application.js - 304 Not Modified (8ms)


Started PUT "/movies/4" for 127.0.0.1 at 2014-06-15 15:45:57 -0300
Processing by MoviesController#update as HTML
  Parameters: {"utf8"=>"✓", "authenticity_token"=>"kXRXNLQIeNPbivPf9LI42F8l4niII+WGWYvVEZomrnY=", "movie"=>{"title"=>"The Help", "rating"=>"PG-13", "release_date(1i)"=>"2011", "release_date(2i)"=>"8", "release_date(3i)"=>"10", "director"=>"mohamed"}, "commit"=>"Update Movie Info", "id"=>"4"}
  [1m[35mMovie Load (0.3ms)[0m  SELECT "movies".* FROM "movies" WHERE "movies"."id" = ? LIMIT 1  [["id", "4"]]
  [1m[36m (0.1ms)[0m  [1mbegin transaction[0m
  [1m[35m (30.4ms)[0m  UPDATE "movies" SET "director" = 'mohamed', "updated_at" = '2014-06-15 18:45:57.082901' WHERE "movies"."id" = 4
  [1m[36m (58.5ms)[0m  [1mcommit transaction[0m
Redirected to http://localhost:3000/movies/4
Completed 302 Found in 282.5ms (ActiveRecord: 89.3ms)


Started GET "/movies/4" for 127.0.0.1 at 2014-06-15 15:45:57 -0300
Processing by MoviesController#show as HTML
  Parameters: {"id"=>"4"}
  [1m[35mMovie Load (0.2ms)[0m  SELECT "movies".* FROM "movies" WHERE "movies"."id" = ? LIMIT 1  [["id", "4"]]
  Rendered movies/show.html.haml within layouts/application (9.9ms)
Completed 200 OK in 28.5ms (Views: 22.9ms | ActiveRecord: 0.2ms)


Started GET "/assets/application.css?body=1" for 127.0.0.1 at 2014-06-15 15:45:57 -0300
Served asset /application.css - 304 Not Modified (0ms)


Started GET "/assets/jquery_ujs.js?body=1" for 127.0.0.1 at 2014-06-15 15:45:57 -0300
Served asset /jquery_ujs.js - 304 Not Modified (8ms)


Started GET "/assets/jquery.js?body=1" for 127.0.0.1 at 2014-06-15 15:45:57 -0300
Served asset /jquery.js - 304 Not Modified (4ms)


Started GET "/assets/application.js?body=1" for 127.0.0.1 at 2014-06-15 15:45:57 -0300
Served asset /application.js - 304 Not Modified (10ms)


Started GET "/movies/4/same_director" for 127.0.0.1 at 2014-06-15 15:46:07 -0300
Processing by MoviesController#same_director as HTML
  Parameters: {"id"=>"4"}
  [1m[36mMovie Load (0.4ms)[0m  [1mSELECT "movies".* FROM "movies" WHERE "movies"."id" = ? LIMIT 1[0m  [["id", "4"]]
  [1m[35mMovie Load (0.4ms)[0m  SELECT "movies".* FROM "movies" WHERE "movies"."director" = 'mohamed'
  Rendered movies/same_director.html.haml within layouts/application (7.5ms)
Completed 200 OK in 62.9ms (Views: 20.1ms | ActiveRecord: 0.8ms)


Started GET "/assets/application.css?body=1" for 127.0.0.1 at 2014-06-15 15:46:08 -0300
Served asset /application.css - 304 Not Modified (0ms)


Started GET "/assets/jquery.js?body=1" for 127.0.0.1 at 2014-06-15 15:46:08 -0300
Served asset /jquery.js - 304 Not Modified (12ms)


Started GET "/assets/jquery_ujs.js?body=1" for 127.0.0.1 at 2014-06-15 15:46:08 -0300
Served asset /jquery_ujs.js - 304 Not Modified (0ms)


Started GET "/assets/application.js?body=1" for 127.0.0.1 at 2014-06-15 15:46:08 -0300
Served asset /application.js - 304 Not Modified (7ms)


Started GET "/movies" for 127.0.0.1 at 2014-06-15 15:46:13 -0300
Processing by MoviesController#index as HTML
  [1m[36mMovie Load (0.8ms)[0m  [1mSELECT "movies".* FROM "movies" WHERE "movies"."rating" IN ('G', 'PG', 'PG-13', 'NC-17', 'R')[0m
  Rendered movies/index.html.haml within layouts/application (40.4ms)
Completed 200 OK in 81.2ms (Views: 68.6ms | ActiveRecord: 0.8ms)


Started GET "/assets/application.css?body=1" for 127.0.0.1 at 2014-06-15 15:46:13 -0300
Served asset /application.css - 304 Not Modified (0ms)


Started GET "/assets/jquery_ujs.js?body=1" for 127.0.0.1 at 2014-06-15 15:46:14 -0300
Served asset /jquery_ujs.js - 304 Not Modified (0ms)


Started GET "/assets/application.js?body=1" for 127.0.0.1 at 2014-06-15 15:46:14 -0300
Served asset /application.js - 304 Not Modified (7ms)


Started GET "/assets/jquery.js?body=1" for 127.0.0.1 at 2014-06-15 15:46:14 -0300
Served asset /jquery.js - 304 Not Modified (10ms)


Started GET "/movies/3" for 127.0.0.1 at 2014-06-15 15:46:17 -0300
Processing by MoviesController#show as HTML
  Parameters: {"id"=>"3"}
  [1m[35mMovie Load (0.3ms)[0m  SELECT "movies".* FROM "movies" WHERE "movies"."id" = ? LIMIT 1  [["id", "3"]]
  Rendered movies/show.html.haml within layouts/application (10.1ms)
Completed 200 OK in 30.6ms (Views: 29.1ms | ActiveRecord: 0.3ms)


Started GET "/assets/application.css?body=1" for 127.0.0.1 at 2014-06-15 15:46:17 -0300
Served asset /application.css - 304 Not Modified (0ms)


Started GET "/assets/jquery.js?body=1" for 127.0.0.1 at 2014-06-15 15:46:17 -0300
Served asset /jquery.js - 304 Not Modified (5ms)


Started GET "/assets/application.js?body=1" for 127.0.0.1 at 2014-06-15 15:46:17 -0300
Served asset /application.js - 304 Not Modified (7ms)


Started GET "/assets/jquery_ujs.js?body=1" for 127.0.0.1 at 2014-06-15 15:46:17 -0300
Served asset /jquery_ujs.js - 304 Not Modified (0ms)


Started GET "/movies/3/same_director" for 127.0.0.1 at 2014-06-15 15:46:23 -0300
Processing by MoviesController#same_director as HTML
  Parameters: {"id"=>"3"}
  [1m[36mMovie Load (0.3ms)[0m  [1mSELECT "movies".* FROM "movies" WHERE "movies"."id" = ? LIMIT 1[0m  [["id", "3"]]
  [1m[35mMovie Load (4.8ms)[0m  SELECT "movies".* FROM "movies" WHERE "movies"."director" = 'koko'
  Rendered movies/same_director.html.haml within layouts/application (5.6ms)
Completed 200 OK in 40.2ms (Views: 32.2ms | ActiveRecord: 5.1ms)


Started GET "/assets/application.css?body=1" for 127.0.0.1 at 2014-06-15 15:46:23 -0300
Served asset /application.css - 304 Not Modified (0ms)


Started GET "/assets/jquery.js?body=1" for 127.0.0.1 at 2014-06-15 15:46:23 -0300
Served asset /jquery.js - 304 Not Modified (2ms)


Started GET "/assets/application.js?body=1" for 127.0.0.1 at 2014-06-15 15:46:23 -0300
Served asset /application.js - 304 Not Modified (1ms)


Started GET "/assets/jquery_ujs.js?body=1" for 127.0.0.1 at 2014-06-15 15:46:23 -0300
Served asset /jquery_ujs.js - 304 Not Modified (0ms)


Started GET "/movies" for 127.0.0.1 at 2014-06-15 15:46:25 -0300
Processing by MoviesController#index as HTML
  [1m[36mMovie Load (0.6ms)[0m  [1mSELECT "movies".* FROM "movies" WHERE "movies"."rating" IN ('G', 'PG', 'PG-13', 'NC-17', 'R')[0m
  Rendered movies/index.html.haml within layouts/application (29.4ms)
Completed 200 OK in 71.1ms (Views: 63.4ms | ActiveRecord: 0.6ms)


Started GET "/assets/application.css?body=1" for 127.0.0.1 at 2014-06-15 15:46:25 -0300
Served asset /application.css - 304 Not Modified (0ms)


Started GET "/assets/jquery.js?body=1" for 127.0.0.1 at 2014-06-15 15:46:25 -0300
Served asset /jquery.js - 304 Not Modified (32ms)


Started GET "/assets/jquery_ujs.js?body=1" for 127.0.0.1 at 2014-06-15 15:46:25 -0300
Served asset /jquery_ujs.js - 304 Not Modified (5ms)


Started GET "/assets/application.js?body=1" for 127.0.0.1 at 2014-06-15 15:46:25 -0300
Served asset /application.js - 304 Not Modified (12ms)


Started GET "/movies/new" for 127.0.0.1 at 2014-06-15 15:46:30 -0300
Processing by MoviesController#new as HTML
  Rendered movies/new.html.haml within layouts/application (155.9ms)
Completed 200 OK in 177.0ms (Views: 175.8ms | ActiveRecord: 0.0ms)


Started GET "/assets/application.css?body=1" for 127.0.0.1 at 2014-06-15 15:46:31 -0300
Served asset /application.css - 304 Not Modified (0ms)


Started GET "/assets/jquery.js?body=1" for 127.0.0.1 at 2014-06-15 15:46:31 -0300
Served asset /jquery.js - 304 Not Modified (9ms)


Started GET "/assets/jquery_ujs.js?body=1" for 127.0.0.1 at 2014-06-15 15:46:31 -0300
Served asset /jquery_ujs.js - 304 Not Modified (0ms)


Started GET "/assets/application.js?body=1" for 127.0.0.1 at 2014-06-15 15:46:31 -0300
Served asset /application.js - 304 Not Modified (1ms)


Started POST "/movies" for 127.0.0.1 at 2014-06-15 15:46:41 -0300
Processing by MoviesController#create as HTML
  Parameters: {"utf8"=>"✓", "authenticity_token"=>"kXRXNLQIeNPbivPf9LI42F8l4niII+WGWYvVEZomrnY=", "movie"=>{"title"=>"kooko", "rating"=>"G", "release_date(1i)"=>"2014", "release_date(2i)"=>"6", "release_date(3i)"=>"15"}, "commit"=>"Save Changes"}
  [1m[35m (0.2ms)[0m  begin transaction
  [1m[36mSQL (14.7ms)[0m  [1mINSERT INTO "movies" ("created_at", "description", "director", "rating", "release_date", "title", "updated_at") VALUES (?, ?, ?, ?, ?, ?, ?)[0m  [["created_at", Sun, 15 Jun 2014 18:46:41 UTC +00:00], ["description", nil], ["director", nil], ["rating", "G"], ["release_date", Sun, 15 Jun 2014 00:00:00 UTC +00:00], ["title", "kooko"], ["updated_at", Sun, 15 Jun 2014 18:46:41 UTC +00:00]]
  [1m[35m (34.3ms)[0m  commit transaction
Redirected to http://localhost:3000/movies
Completed 302 Found in 63.9ms (ActiveRecord: 49.3ms)


Started GET "/movies" for 127.0.0.1 at 2014-06-15 15:46:41 -0300
Processing by MoviesController#index as HTML
  [1m[36mMovie Load (5.8ms)[0m  [1mSELECT "movies".* FROM "movies" WHERE "movies"."rating" IN ('G', 'PG', 'PG-13', 'NC-17', 'R')[0m
  Rendered movies/index.html.haml within layouts/application (66.9ms)
Completed 200 OK in 108.8ms (Views: 100.1ms | ActiveRecord: 5.8ms)


Started GET "/assets/application.css?body=1" for 127.0.0.1 at 2014-06-15 15:46:42 -0300
Served asset /application.css - 304 Not Modified (0ms)


Started GET "/assets/jquery.js?body=1" for 127.0.0.1 at 2014-06-15 15:46:42 -0300
Served asset /jquery.js - 304 Not Modified (11ms)


Started GET "/assets/application.js?body=1" for 127.0.0.1 at 2014-06-15 15:46:42 -0300
Served asset /application.js - 304 Not Modified (1ms)


Started GET "/assets/jquery_ujs.js?body=1" for 127.0.0.1 at 2014-06-15 15:46:42 -0300
Served asset /jquery_ujs.js - 304 Not Modified (3ms)


Started GET "/movies/16" for 127.0.0.1 at 2014-06-15 15:46:48 -0300
Processing by MoviesController#show as HTML
  Parameters: {"id"=>"16"}
  [1m[35mMovie Load (0.4ms)[0m  SELECT "movies".* FROM "movies" WHERE "movies"."id" = ? LIMIT 1  [["id", "16"]]
  Rendered movies/show.html.haml within layouts/application (11.4ms)
Completed 200 OK in 36.3ms (Views: 33.6ms | ActiveRecord: 0.4ms)


Started GET "/assets/application.css?body=1" for 127.0.0.1 at 2014-06-15 15:46:48 -0300
Served asset /application.css - 304 Not Modified (0ms)


Started GET "/assets/application.js?body=1" for 127.0.0.1 at 2014-06-15 15:46:48 -0300
Served asset /application.js - 304 Not Modified (8ms)


Started GET "/assets/jquery_ujs.js?body=1" for 127.0.0.1 at 2014-06-15 15:46:48 -0300
Served asset /jquery_ujs.js - 304 Not Modified (0ms)


Started GET "/assets/jquery.js?body=1" for 127.0.0.1 at 2014-06-15 15:46:48 -0300
Served asset /jquery.js - 304 Not Modified (4ms)


Started GET "/movies/16/same_director" for 127.0.0.1 at 2014-06-15 15:46:51 -0300
Processing by MoviesController#same_director as HTML
  Parameters: {"id"=>"16"}
  [1m[36mMovie Load (0.3ms)[0m  [1mSELECT "movies".* FROM "movies" WHERE "movies"."id" = ? LIMIT 1[0m  [["id", "16"]]
Redirected to http://localhost:3000/movies
Completed 302 Found in 13.4ms (ActiveRecord: 0.3ms)


Started GET "/movies" for 127.0.0.1 at 2014-06-15 15:46:51 -0300
Processing by MoviesController#index as HTML
  [1m[35mMovie Load (0.8ms)[0m  SELECT "movies".* FROM "movies" WHERE "movies"."rating" IN ('G', 'PG', 'PG-13', 'NC-17', 'R')
  Rendered movies/index.html.haml within layouts/application (58.6ms)
Completed 200 OK in 85.7ms (Views: 68.8ms | ActiveRecord: 0.8ms)


Started GET "/assets/application.css?body=1" for 127.0.0.1 at 2014-06-15 15:46:52 -0300
Served asset /application.css - 304 Not Modified (0ms)


Started GET "/assets/jquery.js?body=1" for 127.0.0.1 at 2014-06-15 15:46:52 -0300
Served asset /jquery.js - 304 Not Modified (1ms)


Started GET "/assets/application.js?body=1" for 127.0.0.1 at 2014-06-15 15:46:52 -0300
Served asset /application.js - 304 Not Modified (1ms)


Started GET "/assets/jquery_ujs.js?body=1" for 127.0.0.1 at 2014-06-15 15:46:52 -0300
Served asset /jquery_ujs.js - 304 Not Modified (0ms)
